[11608:14124:0909/161235.364:ERROR:device_event_log_impl.cc(214)] [16:12:35.364] Bluetooth: bluetooth_adapter_winrt.cc:1073 Getting Default Adapter failed.
[11608:14124:0909/161237.794:INFO:CONSOLE(0)] "[DOM] Input elements should have autocomplete attributes (suggested: "current-password"): (More info: https://goo.gl/9p2vKq) %o", source: http://vvip8888.com/ (0)
[11608:14124:0909/161241.708:INFO:CONSOLE(1471)] "[object HTMLLIElement]", source: http://vvip8888.com/ (1471)
[11608:14124:0909/161243.421:INFO:CONSOLE(1786)] "095", source: http://vvip8888.com/ (1786)
[11608:14124:0909/161244.484:INFO:CONSOLE(1467)] "[object HTMLLIElement]", source: http://vvip8888.com/ (1467)
[11608:14124:0909/161248.006:INFO:CONSOLE(124)] "Synchronous XMLHttpRequest on the main thread is deprecated because of its detrimental effects to the end user's experience. For more help, check https://xhr.spec.whatwg.org/.", source: https://stage.cata3353.com/h5web/index.html?username=gqgaaaa5588&token=E77BFDC3D595DD51A55C7A7BE2E60177&lang=kr&lobby=a038&returnurl=&net=0&h5web=True&ui=1&options=&ip=112.155.83.197&bannerURL=&referer=http%3a%2f%2fvvip8888.com%2f (124)
[11608:14124:0909/161248.956:INFO:CONSOLE(1)] "2021. 9. 9. 16시 12분 48초 [INFO] NodePlayer.js init with v0.5.12", source: https://core.sa-rcplatform.net/h5prod/lib2672/resource/javascript/NodePlayer-full-0.5.12-min.js?201906251731 (1)
[11608:14124:0909/161249.198:INFO:CONSOLE(11)] "The AudioContext was not allowed to start. It must be resumed (or created) after a user gesture on the page. https://goo.gl/7K7WLu", source: https://core.sa-rcplatform.net/h5prod/lib2672/libs.js?v=20200311 (11)
[11608:14124:0909/161249.383:INFO:CONSOLE(20)] "setContentSize:1470", source: https://core.sa-rcplatform.net/h5prod/lib2672/main.min.js (20)
[11608:14124:0909/161249.437:INFO:CONSOLE(0)] "[.WebGL-0000164C002B0600]GL Driver Message (OpenGL, Performance, GL_CLOSE_PATH_NV, High): GPU stall due to ReadPixels", source: https://stage.cata3353.com/h5web/index.html?username=gqgaaaa5588&token=E77BFDC3D595DD51A55C7A7BE2E60177&lang=kr&lobby=a038&returnurl=&net=0&h5web=True&ui=1&options=&ip=112.155.83.197&bannerURL=&referer=http%3a%2f%2fvvip8888.com%2f (0)
[11608:14124:0909/161249.453:INFO:CONSOLE(0)] "[.WebGL-0000164C002B0600]GL Driver Message (OpenGL, Performance, GL_CLOSE_PATH_NV, High): GPU stall due to ReadPixels (this message will no longer repeat)", source: https://stage.cata3353.com/h5web/index.html?username=gqgaaaa5588&token=E77BFDC3D595DD51A55C7A7BE2E60177&lang=kr&lobby=a038&returnurl=&net=0&h5web=True&ui=1&options=&ip=112.155.83.197&bannerURL=&referer=http%3a%2f%2fvvip8888.com%2f (0)
[11608:14124:0909/161250.416:INFO:CONSOLE(23)] "onDeactivate", source: https://core.sa-rcplatform.net/h5prod/lib2672/main.min.js (23)
[11608:14124:0909/161250.441:INFO:CONSOLE(42)] "Group:login has Complete[login]", source: https://core.sa-rcplatform.net/h5prod/lib2672/main.min.js (42)
[11608:14124:0909/161250.445:INFO:CONSOLE(58)] "onTokenLogin", source: https://core.sa-rcplatform.net/h5prod/lib2672/main.min.js (58)
[11608:14124:0909/161250.458:INFO:CONSOLE(22)] "[2021-09-09 16:12:50]PostServerLog:ClientReconnect", source: https://core.sa-rcplatform.net/h5prod/lib2672/main.min.js (22)
[11608:14124:0909/161250.458:INFO:CONSOLE(58)] "41:LS_RACING", source: https://core.sa-rcplatform.net/h5prod/lib2672/main.min.js (58)
[11608:14124:0909/161250.483:INFO:CONSOLE(58)] "42:LS_RACING", source: https://core.sa-rcplatform.net/h5prod/lib2672/main.min.js (58)
[11608:14124:0909/161250.485:INFO:CONSOLE(58)] "42:LS_RACING", source: https://core.sa-rcplatform.net/h5prod/lib2672/main.min.js (58)
[11608:14124:0909/161250.485:INFO:CONSOLE(58)] "43:LS_RACING", source: https://core.sa-rcplatform.net/h5prod/lib2672/main.min.js (58)
[11608:14124:0909/161250.489:INFO:CONSOLE(58)] "44:LS_RACING", source: https://core.sa-rcplatform.net/h5prod/lib2672/main.min.js (58)
[11608:14124:0909/161250.489:INFO:CONSOLE(58)] "45:LS_RACING", source: https://core.sa-rcplatform.net/h5prod/lib2672/main.min.js (58)
[11608:14124:0909/161250.489:INFO:CONSOLE(58)] "45:LS_RACING", source: https://core.sa-rcplatform.net/h5prod/lib2672/main.min.js (58)
[11608:14124:0909/161250.490:INFO:CONSOLE(58)] "46:LS_RACING", source: https://core.sa-rcplatform.net/h5prod/lib2672/main.min.js (58)
[11608:14124:0909/161250.490:INFO:CONSOLE(58)] "47:LS_RACING", source: https://core.sa-rcplatform.net/h5prod/lib2672/main.min.js (58)
[11608:14124:0909/161250.490:INFO:CONSOLE(58)] "48:LS_RACING", source: https://core.sa-rcplatform.net/h5prod/lib2672/main.min.js (58)
[11608:14124:0909/161250.491:INFO:CONSOLE(58)] "48:LS_RACING", source: https://core.sa-rcplatform.net/h5prod/lib2672/main.min.js (58)
[11608:14124:0909/161250.491:INFO:CONSOLE(58)] "49:LS_RACING", source: https://core.sa-rcplatform.net/h5prod/lib2672/main.min.js (58)
[11608:14124:0909/161250.491:INFO:CONSOLE(58)] "50:LS_RACING", source: https://core.sa-rcplatform.net/h5prod/lib2672/main.min.js (58)
[11608:14124:0909/161250.492:INFO:CONSOLE(58)] "50:LS_RACING", source: https://core.sa-rcplatform.net/h5prod/lib2672/main.min.js (58)
[11608:14124:0909/161250.492:INFO:CONSOLE(58)] "51:LS_RACING", source: https://core.sa-rcplatform.net/h5prod/lib2672/main.min.js (58)
[11608:14124:0909/161250.501:INFO:CONSOLE(58)] "52:LS_RACING", source: https://core.sa-rcplatform.net/h5prod/lib2672/main.min.js (58)
[11608:14124:0909/161250.502:INFO:CONSOLE(58)] "53:LS_RACING", source: https://core.sa-rcplatform.net/h5prod/lib2672/main.min.js (58)
[11608:14124:0909/161250.504:INFO:CONSOLE(58)] "53:LS_RACING", source: https://core.sa-rcplatform.net/h5prod/lib2672/main.min.js (58)
[11608:14124:0909/161250.504:INFO:CONSOLE(58)] "54:LS_RACING", source: https://core.sa-rcplatform.net/h5prod/lib2672/main.min.js (58)
[11608:14124:0909/161250.522:INFO:CONSOLE(58)] "55:LS_RACING", source: https://core.sa-rcplatform.net/h5prod/lib2672/main.min.js (58)
[11608:14124:0909/161250.535:INFO:CONSOLE(58)] "56:LS_RACING", source: https://core.sa-rcplatform.net/h5prod/lib2672/main.min.js (58)
[11608:14124:0909/161250.535:INFO:CONSOLE(58)] "56:LS_RACING", source: https://core.sa-rcplatform.net/h5prod/lib2672/main.min.js (58)
[11608:14124:0909/161250.536:INFO:CONSOLE(58)] "57:LS_RACING", source: https://core.sa-rcplatform.net/h5prod/lib2672/main.min.js (58)
[11608:14124:0909/161250.536:INFO:CONSOLE(58)] "58:LS_RACING", source: https://core.sa-rcplatform.net/h5prod/lib2672/main.min.js (58)
[11608:14124:0909/161250.540:INFO:CONSOLE(58)] "58:LS_RACING", source: https://core.sa-rcplatform.net/h5prod/lib2672/main.min.js (58)
[11608:14124:0909/161250.546:INFO:CONSOLE(58)] "59:LS_RACING", source: https://core.sa-rcplatform.net/h5prod/lib2672/main.min.js (58)
[11608:14124:0909/161250.548:INFO:CONSOLE(58)] "60:LS_RACING", source: https://core.sa-rcplatform.net/h5prod/lib2672/main.min.js (58)
[11608:14124:0909/161250.549:INFO:CONSOLE(58)] "61:LS_RACING", source: https://core.sa-rcplatform.net/h5prod/lib2672/main.min.js (58)
[11608:14124:0909/161250.557:INFO:CONSOLE(58)] "61:LS_RACING", source: https://core.sa-rcplatform.net/h5prod/lib2672/main.min.js (58)
[11608:14124:0909/161250.563:INFO:CONSOLE(58)] "62:LS_RACING", source: https://core.sa-rcplatform.net/h5prod/lib2672/main.min.js (58)
[11608:14124:0909/161250.568:INFO:CONSOLE(58)] "63:LS_RACING", source: https://core.sa-rcplatform.net/h5prod/lib2672/main.min.js (58)
[11608:14124:0909/161250.569:INFO:CONSOLE(58)] "64:LS_RACING", source: https://core.sa-rcplatform.net/h5prod/lib2672/main.min.js (58)
[11608:14124:0909/161250.570:INFO:CONSOLE(58)] "64:LS_RACING", source: https://core.sa-rcplatform.net/h5prod/lib2672/main.min.js (58)
[11608:14124:0909/161250.580:INFO:CONSOLE(58)] "65:LS_RACING", source: https://core.sa-rcplatform.net/h5prod/lib2672/main.min.js (58)
[11608:14124:0909/161250.582:INFO:CONSOLE(58)] "66:LS_RACING", source: https://core.sa-rcplatform.net/h5prod/lib2672/main.min.js (58)
[11608:14124:0909/161250.583:INFO:CONSOLE(58)] "66:LS_RACING", source: https://core.sa-rcplatform.net/h5prod/lib2672/main.min.js (58)
[11608:14124:0909/161250.585:INFO:CONSOLE(58)] "67:LS_RACING", source: https://core.sa-rcplatform.net/h5prod/lib2672/main.min.js (58)
[11608:14124:0909/161250.585:INFO:CONSOLE(58)] "68:LS_RACING", source: https://core.sa-rcplatform.net/h5prod/lib2672/main.min.js (58)
[11608:14124:0909/161250.594:INFO:CONSOLE(58)] "69:LS_RACING", source: https://core.sa-rcplatform.net/h5prod/lib2672/main.min.js (58)
[11608:14124:0909/161250.600:INFO:CONSOLE(58)] "69:LS_RACING", source: https://core.sa-rcplatform.net/h5prod/lib2672/main.min.js (58)
[11608:14124:0909/161250.603:INFO:CONSOLE(58)] "70:LS_RACING", source: https://core.sa-rcplatform.net/h5prod/lib2672/main.min.js (58)
[11608:14124:0909/161250.603:INFO:CONSOLE(58)] "71:LS_RACING", source: https://core.sa-rcplatform.net/h5prod/lib2672/main.min.js (58)
[11608:14124:0909/161250.604:INFO:CONSOLE(58)] "72:LS_RACING", source: https://core.sa-rcplatform.net/h5prod/lib2672/main.min.js (58)
[11608:14124:0909/161250.606:INFO:CONSOLE(58)] "72:LS_RACING", source: https://core.sa-rcplatform.net/h5prod/lib2672/main.min.js (58)
[11608:14124:0909/161250.606:INFO:CONSOLE(58)] "73:LS_RACING", source: https://core.sa-rcplatform.net/h5prod/lib2672/main.min.js (58)
[11608:14124:0909/161250.636:INFO:CONSOLE(58)] "74:LS_RACING", source: https://core.sa-rcplatform.net/h5prod/lib2672/main.min.js (58)
[11608:14124:0909/161250.669:INFO:CONSOLE(58)] "75:LS_RACING", source: https://core.sa-rcplatform.net/h5prod/lib2672/main.min.js (58)
[11608:14124:0909/161250.778:INFO:CONSOLE(58)] "80:CONNECT_LS", source: https://core.sa-rcplatform.net/h5prod/lib2672/main.min.js (58)
[11608:14124:0909/161250.779:INFO:CONSOLE(58)] "85:PS_LOGIN", source: https://core.sa-rcplatform.net/h5prod/lib2672/main.min.js (58)
[11608:14124:0909/161251.809:INFO:CONSOLE(58)] "90:WAIT_USER_DATA", source: https://core.sa-rcplatform.net/h5prod/lib2672/main.min.js (58)
[11608:14124:0909/161251.916:INFO:CONSOLE(58)] "95:COMPLETE", source: https://core.sa-rcplatform.net/h5prod/lib2672/main.min.js (58)
[11608:14124:0909/161251.916:INFO:CONSOLE(10)] "this._ackTimer.start()", source: https://core.sa-rcplatform.net/h5prod/lib2672/main.min.js (10)
[11608:14124:0909/161251.917:INFO:CONSOLE(58)] "100:COMPLETE", source: https://core.sa-rcplatform.net/h5prod/lib2672/main.min.js (58)
[11608:14124:0909/161252.448:INFO:CONSOLE(19)] "Audio Init", source: https://core.sa-rcplatform.net/h5prod/lib2672/main.min.js (19)
[11608:14124:0909/161252.570:INFO:CONSOLE(0)] "[.WebGL-0000164C002B0600]GL Driver Message (OpenGL, Performance, GL_CLOSE_PATH_NV, High): GPU stall due to mapping buffer in use by the GPU", source: https://stage.cata3353.com/h5web/index.html (0)
[11608:14124:0909/161252.570:INFO:CONSOLE(0)] "[.WebGL-0000164C002B0600]GL Driver Message (OpenGL, Performance, GL_CLOSE_PATH_NV, High): GPU stall due to mapping buffer in use by the GPU", source: https://stage.cata3353.com/h5web/index.html (0)
[11608:14124:0909/161252.570:INFO:CONSOLE(0)] "[.WebGL-0000164C002B0600]GL Driver Message (OpenGL, Performance, GL_CLOSE_PATH_NV, High): GPU stall due to mapping buffer in use by the GPU", source: https://stage.cata3353.com/h5web/index.html (0)
[11608:14124:0909/161252.570:INFO:CONSOLE(0)] "[.WebGL-0000164C002B0600]GL Driver Message (OpenGL, Performance, GL_CLOSE_PATH_NV, High): GPU stall due to mapping buffer in use by the GPU (this message will no longer repeat)", source: https://stage.cata3353.com/h5web/index.html (0)
[11608:14124:0909/161307.018:INFO:CONSOLE(58)] "1", source: https://core.sa-rcplatform.net/h5prod/lib2672/main.min.js (58)
[11608:14124:0909/161307.890:INFO:CONSOLE(51)] "60", source: https://core.sa-rcplatform.net/h5prod/lib2672/main.min.js (51)
[11608:14124:0909/161357.892:INFO:CONSOLE(4)] "BlackjackHost.NOTIFY_DECISION_END", source: https://core.sa-rcplatform.net/h5prod/lib2672/main.min.js (4)
[11608:14124:0909/161412.324:INFO:CONSOLE(4)] "BlackjackHost.NOTIFY_DECISION_END", source: https://core.sa-rcplatform.net/h5prod/lib2672/main.min.js (4)
[11608:14124:0909/161428.189:INFO:CONSOLE(4)] "BlackjackHost.NOTIFY_DECISION_END", source: https://core.sa-rcplatform.net/h5prod/lib2672/main.min.js (4)
[11608:14124:0909/161539.918:INFO:CONSOLE(4)] "BlackjackHost.NOTIFY_DECISION_END", source: https://core.sa-rcplatform.net/h5prod/lib2672/main.min.js (4)
[11608:14124:0909/161649.047:INFO:CONSOLE(4)] "BlackjackHost.NOTIFY_DECISION_END", source: https://core.sa-rcplatform.net/h5prod/lib2672/main.min.js (4)
[11608:14124:0909/161659.451:INFO:CONSOLE(4)] "BlackjackHost.NOTIFY_DECISION_END", source: https://core.sa-rcplatform.net/h5prod/lib2672/main.min.js (4)
[11608:14124:0909/161711.708:INFO:CONSOLE(4)] "BlackjackHost.NOTIFY_DECISION_END", source: https://core.sa-rcplatform.net/h5prod/lib2672/main.min.js (4)
[11608:14124:0909/161717.456:INFO:CONSOLE(23)] "onActivate", source: https://core.sa-rcplatform.net/h5prod/lib2672/main.min.js (23)
[11608:14124:0909/161726.013:INFO:CONSOLE(23)] "onDeactivate", source: https://core.sa-rcplatform.net/h5prod/lib2672/main.min.js (23)
[11608:14124:0909/161825.190:INFO:CONSOLE(4)] "BlackjackHost.NOTIFY_DECISION_END", source: https://core.sa-rcplatform.net/h5prod/lib2672/main.min.js (4)
[11608:14124:0909/161948.238:INFO:CONSOLE(4)] "BlackjackHost.NOTIFY_DECISION_END", source: https://core.sa-rcplatform.net/h5prod/lib2672/main.min.js (4)
[11608:14124:0909/161958.961:INFO:CONSOLE(4)] "BlackjackHost.NOTIFY_DECISION_END", source: https://core.sa-rcplatform.net/h5prod/lib2672/main.min.js (4)
[11608:14124:0909/162117.588:INFO:CONSOLE(4)] "BlackjackHost.NOTIFY_DECISION_END", source: https://core.sa-rcplatform.net/h5prod/lib2672/main.min.js (4)
[11608:14124:0909/162128.852:INFO:CONSOLE(4)] "BlackjackHost.NOTIFY_DECISION_END", source: https://core.sa-rcplatform.net/h5prod/lib2672/main.min.js (4)
[11608:14124:0909/162141.453:INFO:CONSOLE(4)] "BlackjackHost.NOTIFY_DECISION_END", source: https://core.sa-rcplatform.net/h5prod/lib2672/main.min.js (4)
[11608:14124:0909/162157.709:INFO:CONSOLE(4)] "BlackjackHost.NOTIFY_DECISION_END", source: https://core.sa-rcplatform.net/h5prod/lib2672/main.min.js (4)
[11608:14124:0909/162211.734:INFO:CONSOLE(4)] "BlackjackHost.NOTIFY_DECISION_END", source: https://core.sa-rcplatform.net/h5prod/lib2672/main.min.js (4)
[11608:14124:0909/162222.669:INFO:CONSOLE(4)] "BlackjackHost.NOTIFY_DECISION_END", source: https://core.sa-rcplatform.net/h5prod/lib2672/main.min.js (4)
[11608:14124:0909/162333.106:INFO:CONSOLE(4)] "BlackjackHost.NOTIFY_DECISION_END", source: https://core.sa-rcplatform.net/h5prod/lib2672/main.min.js (4)
[11608:14124:0909/162347.206:INFO:CONSOLE(4)] "BlackjackHost.NOTIFY_DECISION_END", source: https://core.sa-rcplatform.net/h5prod/lib2672/main.min.js (4)
[11608:14124:0909/162359.354:INFO:CONSOLE(4)] "BlackjackHost.NOTIFY_DECISION_END", source: https://core.sa-rcplatform.net/h5prod/lib2672/main.min.js (4)
[11608:14124:0909/162413.338:INFO:CONSOLE(4)] "BlackjackHost.NOTIFY_DECISION_END", source: https://core.sa-rcplatform.net/h5prod/lib2672/main.min.js (4)
[11608:14124:0909/162413.427:INFO:CONSOLE(23)] "onActivate", source: https://core.sa-rcplatform.net/h5prod/lib2672/main.min.js (23)
[11608:14124:0909/162419.267:INFO:CONSOLE(23)] "onDeactivate", source: https://core.sa-rcplatform.net/h5prod/lib2672/main.min.js (23)
[11608:14124:0909/162428.891:INFO:CONSOLE(4)] "BlackjackHost.NOTIFY_DECISION_END", source: https://core.sa-rcplatform.net/h5prod/lib2672/main.min.js (4)
[11608:14124:0909/162554.957:INFO:CONSOLE(4)] "BlackjackHost.NOTIFY_DECISION_END", source: https://core.sa-rcplatform.net/h5prod/lib2672/main.min.js (4)
[11608:14124:0909/162710.674:INFO:CONSOLE(4)] "BlackjackHost.NOTIFY_DECISION_END", source: https://core.sa-rcplatform.net/h5prod/lib2672/main.min.js (4)
[11608:14124:0909/162723.132:INFO:CONSOLE(4)] "BlackjackHost.NOTIFY_DECISION_END", source: https://core.sa-rcplatform.net/h5prod/lib2672/main.min.js (4)
[11608:14124:0909/162748.394:INFO:CONSOLE(4)] "BlackjackHost.NOTIFY_DECISION_END", source: https://core.sa-rcplatform.net/h5prod/lib2672/main.min.js (4)
[11608:14124:0909/162800.982:INFO:CONSOLE(4)] "BlackjackHost.NOTIFY_DECISION_END", source: https://core.sa-rcplatform.net/h5prod/lib2672/main.min.js (4)
[11608:14124:0909/162932.552:INFO:CONSOLE(4)] "BlackjackHost.NOTIFY_DECISION_END", source: https://core.sa-rcplatform.net/h5prod/lib2672/main.min.js (4)
[11608:14124:0909/162943.128:INFO:CONSOLE(4)] "BlackjackHost.NOTIFY_DECISION_END", source: https://core.sa-rcplatform.net/h5prod/lib2672/main.min.js (4)
[11608:14124:0909/163002.968:INFO:CONSOLE(4)] "BlackjackHost.NOTIFY_DECISION_END", source: https://core.sa-rcplatform.net/h5prod/lib2672/main.min.js (4)
[11608:14124:0909/163018.926:INFO:CONSOLE(4)] "BlackjackHost.NOTIFY_DECISION_END", source: https://core.sa-rcplatform.net/h5prod/lib2672/main.min.js (4)
[11608:14124:0909/163117.430:INFO:CONSOLE(4)] "BlackjackHost.NOTIFY_DECISION_END", source: https://core.sa-rcplatform.net/h5prod/lib2672/main.min.js (4)
[11608:14124:0909/163128.798:INFO:CONSOLE(4)] "BlackjackHost.NOTIFY_DECISION_END", source: https://core.sa-rcplatform.net/h5prod/lib2672/main.min.js (4)
[11608:14124:0909/163141.395:INFO:CONSOLE(4)] "BlackjackHost.NOTIFY_DECISION_END", source: https://core.sa-rcplatform.net/h5prod/lib2672/main.min.js (4)
[11608:14124:0909/163152.202:INFO:CONSOLE(4)] "BlackjackHost.NOTIFY_DECISION_END", source: https://core.sa-rcplatform.net/h5prod/lib2672/main.min.js (4)
[11608:14124:0909/163203.855:INFO:CONSOLE(4)] "BlackjackHost.NOTIFY_DECISION_END", source: https://core.sa-rcplatform.net/h5prod/lib2672/main.min.js (4)
[11608:14124:0909/163215.393:INFO:CONSOLE(4)] "BlackjackHost.NOTIFY_DECISION_END", source: https://core.sa-rcplatform.net/h5prod/lib2672/main.min.js (4)
[11608:14124:0909/163325.051:INFO:CONSOLE(4)] "BlackjackHost.NOTIFY_DECISION_END", source: https://core.sa-rcplatform.net/h5prod/lib2672/main.min.js (4)
[11608:14124:0909/163341.051:INFO:CONSOLE(4)] "BlackjackHost.NOTIFY_DECISION_END", source: https://core.sa-rcplatform.net/h5prod/lib2672/main.min.js (4)
[11608:14124:0909/163351.960:INFO:CONSOLE(4)] "BlackjackHost.NOTIFY_DECISION_END", source: https://core.sa-rcplatform.net/h5prod/lib2672/main.min.js (4)
[11608:14124:0909/163441.644:INFO:CONSOLE(4)] "BlackjackHost.NOTIFY_DECISION_END", source: https://core.sa-rcplatform.net/h5prod/lib2672/main.min.js (4)
[11608:14124:0909/163542.539:INFO:CONSOLE(4)] "BlackjackHost.NOTIFY_DECISION_END", source: https://core.sa-rcplatform.net/h5prod/lib2672/main.min.js (4)
[11608:14124:0909/163632.150:INFO:CONSOLE(4)] "BlackjackHost.NOTIFY_DECISION_END", source: https://core.sa-rcplatform.net/h5prod/lib2672/main.min.js (4)
[11608:14124:0909/163641.728:INFO:CONSOLE(4)] "BlackjackHost.NOTIFY_DECISION_END", source: https://core.sa-rcplatform.net/h5prod/lib2672/main.min.js (4)
[11608:14124:0909/163652.213:INFO:CONSOLE(4)] "BlackjackHost.NOTIFY_DECISION_END", source: https://core.sa-rcplatform.net/h5prod/lib2672/main.min.js (4)
[11608:14124:0909/163746.711:INFO:CONSOLE(4)] "BlackjackHost.NOTIFY_DECISION_END", source: https://core.sa-rcplatform.net/h5prod/lib2672/main.min.js (4)
[11608:14124:0909/163801.590:INFO:CONSOLE(4)] "BlackjackHost.NOTIFY_DECISION_END", source: https://core.sa-rcplatform.net/h5prod/lib2672/main.min.js (4)
[11608:14124:0909/163811.850:INFO:CONSOLE(4)] "BlackjackHost.NOTIFY_DECISION_END", source: https://core.sa-rcplatform.net/h5prod/lib2672/main.min.js (4)
[11608:14124:0909/163829.334:INFO:CONSOLE(4)] "BlackjackHost.NOTIFY_DECISION_END", source: https://core.sa-rcplatform.net/h5prod/lib2672/main.min.js (4)
[11608:14124:0909/163842.355:INFO:CONSOLE(4)] "BlackjackHost.NOTIFY_DECISION_END", source: https://core.sa-rcplatform.net/h5prod/lib2672/main.min.js (4)
[11608:14124:0909/163931.791:INFO:CONSOLE(4)] "BlackjackHost.NOTIFY_DECISION_END", source: https://core.sa-rcplatform.net/h5prod/lib2672/main.min.js (4)
[11608:14124:0909/163945.719:INFO:CONSOLE(4)] "BlackjackHost.NOTIFY_DECISION_END", source: https://core.sa-rcplatform.net/h5prod/lib2672/main.min.js (4)
[11608:14124:0909/164035.930:INFO:CONSOLE(4)] "BlackjackHost.NOTIFY_DECISION_END", source: https://core.sa-rcplatform.net/h5prod/lib2672/main.min.js (4)
[11608:14124:0909/164050.333:INFO:CONSOLE(4)] "BlackjackHost.NOTIFY_DECISION_END", source: https://core.sa-rcplatform.net/h5prod/lib2672/main.min.js (4)
[11608:14124:0909/164101.266:INFO:CONSOLE(4)] "BlackjackHost.NOTIFY_DECISION_END", source: https://core.sa-rcplatform.net/h5prod/lib2672/main.min.js (4)
[11608:14124:0909/164151.265:INFO:CONSOLE(4)] "BlackjackHost.NOTIFY_DECISION_END", source: https://core.sa-rcplatform.net/h5prod/lib2672/main.min.js (4)
[11608:14124:0909/164205.262:INFO:CONSOLE(4)] "BlackjackHost.NOTIFY_DECISION_END", source: https://core.sa-rcplatform.net/h5prod/lib2672/main.min.js (4)
